<?xml version="1.0" encoding="UTF-8"?>
<!-- Generated by org.testng.reporters.JUnitXMLReporter -->
<testsuite ignored="0" hostname="Krutarths-MacBook-Air.local" failures="1" tests="3" name="Test" time="13.579" errors="0" timestamp="2022-01-07T23:42:10 EST">
  <testcase classname="com.qa.tests.HomePageTest" name="checkHeaderSizeTest" time="0.061"/>
  <testcase classname="com.qa.tests.HomePageTest" name="dailyDealsPage" time="1.344"/>
  <testcase classname="com.qa.tests.DealsPageTest" name="getJoggerPriceTest" time="0.128">
    <failure type="java.lang.AssertionError" message="Test Pass expected [$29.99] but found [$387.99]">
      <![CDATA[java.lang.AssertionError: Test Pass expected [$29.99] but found [$387.99]
at com.qa.tests.DealsPageTest.getJoggerPriceTest(DealsPageTest.java:22)
at java.base/java.util.ArrayList.forEach(ArrayList.java:1511)
... Removed 32 stack frames]]>
    </failure>
  </testcase> <!-- getJoggerPriceTest -->
</testsuite> <!-- Test -->
