<?xml version="1.0" encoding="UTF-8"?>
<testng-results ignored="0" total="3" passed="2" failed="1" skipped="0">
  <reporter-output>
  </reporter-output>
  <suite started-at="2022-01-07T23:41:57 EST" name="Suite" finished-at="2022-01-07T23:42:10 EST" duration-ms="13579">
    <groups>
    </groups>
    <test started-at="2022-01-07T23:41:57 EST" name="Test" finished-at="2022-01-07T23:42:10 EST" duration-ms="13579">
      <class name="com.qa.tests.HomePageTest">
        <test-method is-config="true" signature="beforeMethod()[pri:0, instance:com.qa.tests.HomePageTest@49912c99]" started-at="2022-01-07T23:41:57 EST" name="beforeMethod" finished-at="2022-01-07T23:42:01 EST" duration-ms="4083" status="PASS">
          <reporter-output>
          </reporter-output>
        </test-method> <!-- beforeMethod -->
        <test-method signature="checkHeaderSizeTest()[pri:0, instance:com.qa.tests.HomePageTest@49912c99]" started-at="2022-01-07T23:42:01 EST" name="checkHeaderSizeTest" finished-at="2022-01-07T23:42:01 EST" duration-ms="61" status="PASS">
          <reporter-output>
          </reporter-output>
        </test-method> <!-- checkHeaderSizeTest -->
        <test-method is-config="true" signature="afterMethod()[pri:0, instance:com.qa.tests.HomePageTest@49912c99]" started-at="2022-01-07T23:42:01 EST" name="afterMethod" finished-at="2022-01-07T23:42:01 EST" duration-ms="113" status="PASS">
          <reporter-output>
          </reporter-output>
        </test-method> <!-- afterMethod -->
        <test-method is-config="true" signature="beforeMethod()[pri:0, instance:com.qa.tests.HomePageTest@49912c99]" started-at="2022-01-07T23:42:01 EST" name="beforeMethod" finished-at="2022-01-07T23:42:04 EST" duration-ms="3146" status="PASS">
          <reporter-output>
          </reporter-output>
        </test-method> <!-- beforeMethod -->
        <test-method signature="dailyDealsPage()[pri:0, instance:com.qa.tests.HomePageTest@49912c99]" started-at="2022-01-07T23:42:04 EST" name="dailyDealsPage" finished-at="2022-01-07T23:42:06 EST" duration-ms="1344" status="PASS">
          <reporter-output>
          </reporter-output>
        </test-method> <!-- dailyDealsPage -->
        <test-method is-config="true" signature="afterMethod()[pri:0, instance:com.qa.tests.HomePageTest@49912c99]" started-at="2022-01-07T23:42:06 EST" name="afterMethod" finished-at="2022-01-07T23:42:06 EST" duration-ms="154" status="PASS">
          <reporter-output>
          </reporter-output>
        </test-method> <!-- afterMethod -->
      </class> <!-- com.qa.tests.HomePageTest -->
      <class name="com.qa.tests.DealsPageTest">
        <test-method is-config="true" signature="beforeMethod()[pri:0, instance:com.qa.tests.DealsPageTest@5fbdfdcf]" started-at="2022-01-07T23:42:06 EST" name="beforeMethod" finished-at="2022-01-07T23:42:10 EST" duration-ms="4405" status="PASS">
          <reporter-output>
          </reporter-output>
        </test-method> <!-- beforeMethod -->
        <test-method signature="getJoggerPriceTest()[pri:0, instance:com.qa.tests.DealsPageTest@5fbdfdcf]" started-at="2022-01-07T23:42:10 EST" name="getJoggerPriceTest" finished-at="2022-01-07T23:42:10 EST" duration-ms="128" status="FAIL">
          <exception class="java.lang.AssertionError">
            <message>
              <![CDATA[Test Pass expected [$29.99] but found [$387.99]]]>
            </message>
            <full-stacktrace>
              <![CDATA[java.lang.AssertionError: Test Pass expected [$29.99] but found [$387.99]
at org.testng.Assert.fail(Assert.java:99)
at org.testng.Assert.failNotEquals(Assert.java:1037)
at org.testng.Assert.assertEqualsImpl(Assert.java:140)
at org.testng.Assert.assertEquals(Assert.java:122)
at org.testng.Assert.assertEquals(Assert.java:629)
at com.qa.tests.DealsPageTest.getJoggerPriceTest(DealsPageTest.java:22)
at java.base/jdk.internal.reflect.NativeMethodAccessorImpl.invoke0(Native Method)
at java.base/jdk.internal.reflect.NativeMethodAccessorImpl.invoke(NativeMethodAccessorImpl.java:64)
at java.base/jdk.internal.reflect.DelegatingMethodAccessorImpl.invoke(DelegatingMethodAccessorImpl.java:43)
at java.base/java.lang.reflect.Method.invoke(Method.java:564)
at org.testng.internal.MethodInvocationHelper.invokeMethod(MethodInvocationHelper.java:133)
at org.testng.internal.TestInvoker.invokeMethod(TestInvoker.java:598)
at org.testng.internal.TestInvoker.invokeTestMethod(TestInvoker.java:173)
at org.testng.internal.MethodRunner.runInSequence(MethodRunner.java:46)
at org.testng.internal.TestInvoker$MethodInvocationAgent.invoke(TestInvoker.java:824)
at org.testng.internal.TestInvoker.invokeTestMethods(TestInvoker.java:146)
at org.testng.internal.TestMethodWorker.invokeTestMethods(TestMethodWorker.java:146)
at org.testng.internal.TestMethodWorker.run(TestMethodWorker.java:128)
at java.base/java.util.ArrayList.forEach(ArrayList.java:1511)
at org.testng.TestRunner.privateRun(TestRunner.java:794)
at org.testng.TestRunner.run(TestRunner.java:596)
at org.testng.SuiteRunner.runTest(SuiteRunner.java:377)
at org.testng.SuiteRunner.runSequentially(SuiteRunner.java:371)
at org.testng.SuiteRunner.privateRun(SuiteRunner.java:332)
at org.testng.SuiteRunner.run(SuiteRunner.java:276)
at org.testng.SuiteRunnerWorker.runSuite(SuiteRunnerWorker.java:53)
at org.testng.SuiteRunnerWorker.run(SuiteRunnerWorker.java:96)
at org.testng.TestNG.runSuitesSequentially(TestNG.java:1212)
at org.testng.TestNG.runSuitesLocally(TestNG.java:1134)
at org.testng.TestNG.runSuites(TestNG.java:1063)
at org.testng.TestNG.run(TestNG.java:1031)
at org.testng.remote.AbstractRemoteTestNG.run(AbstractRemoteTestNG.java:115)
at org.testng.remote.RemoteTestNG.initAndRun(RemoteTestNG.java:251)
at org.testng.remote.RemoteTestNG.main(RemoteTestNG.java:77)
]]>
            </full-stacktrace>
          </exception> <!-- java.lang.AssertionError -->
          <reporter-output>
          </reporter-output>
        </test-method> <!-- getJoggerPriceTest -->
        <test-method is-config="true" signature="afterMethod()[pri:0, instance:com.qa.tests.DealsPageTest@5fbdfdcf]" started-at="2022-01-07T23:42:10 EST" name="afterMethod" finished-at="2022-01-07T23:42:10 EST" duration-ms="102" status="PASS">
          <reporter-output>
          </reporter-output>
        </test-method> <!-- afterMethod -->
      </class> <!-- com.qa.tests.DealsPageTest -->
    </test> <!-- Test -->
  </suite> <!-- Suite -->
</testng-results>
